Using pre-set license
Built from '2023.2/staging' branch; Version is '2023.2.19f1 (95c298372b1e) revision 9814680'; Using compiler version '193431935'; Build Type 'Release'
OS: 'Windows 11  (10.0.22631) 64bit CoreSingleLanguage' Language: 'en' Physical Memory: 15712 MB
BatchMode: 1, IsHumanControllingUs: 0, StartBugReporterOnCrash: 0, Is64bit: 1, IsPro: 1

COMMAND LINE ARGUMENTS:
D:\Unity\Editor\2023.2.19f1\Editor\Unity.exe
-adb2
-batchMode
-noUpm
-name
AssetImportWorker2
-projectPath
D:/Github/CannibalMini
-logFile
Logs/AssetImportWorker2.log
-srvPort
64659
-job-worker-count
5
-background-job-worker-count
8
-asset-garbage-collectors
1
Successfully changed project path to: D:/Github/CannibalMini
D:/Github/CannibalMini
[UnityMemory] Configuration Parameters - Can be set up in boot.config
    "memorysetup-bucket-allocator-granularity=16"
    "memorysetup-bucket-allocator-bucket-count=8"
    "memorysetup-bucket-allocator-block-size=33554432"
    "memorysetup-bucket-allocator-block-count=8"
    "memorysetup-main-allocator-block-size=16777216"
    "memorysetup-thread-allocator-block-size=16777216"
    "memorysetup-gfx-main-allocator-block-size=16777216"
    "memorysetup-gfx-thread-allocator-block-size=16777216"
    "memorysetup-cache-allocator-block-size=4194304"
    "memorysetup-typetree-allocator-block-size=2097152"
    "memorysetup-profiler-bucket-allocator-granularity=16"
    "memorysetup-profiler-bucket-allocator-bucket-count=8"
    "memorysetup-profiler-bucket-allocator-block-size=33554432"
    "memorysetup-profiler-bucket-allocator-block-count=8"
    "memorysetup-profiler-allocator-block-size=16777216"
    "memorysetup-profiler-editor-allocator-block-size=1048576"
    "memorysetup-temp-allocator-size-main=16777216"
    "memorysetup-job-temp-allocator-block-size=2097152"
    "memorysetup-job-temp-allocator-block-size-background=1048576"
    "memorysetup-job-temp-allocator-reduction-small-platforms=262144"
    "memorysetup-allocator-temp-initial-block-size-main=262144"
    "memorysetup-allocator-temp-initial-block-size-worker=262144"
    "memorysetup-temp-allocator-size-background-worker=32768"
    "memorysetup-temp-allocator-size-job-worker=262144"
    "memorysetup-temp-allocator-size-preload-manager=33554432"
    "memorysetup-temp-allocator-size-nav-mesh-worker=65536"
    "memorysetup-temp-allocator-size-audio-worker=65536"
    "memorysetup-temp-allocator-size-cloud-worker=32768"
    "memorysetup-temp-allocator-size-gi-baking-worker=262144"
    "memorysetup-temp-allocator-size-gi-baking-worker=262144"
    "memorysetup-temp-allocator-size-gi-baking-worker=262144"
    "memorysetup-temp-allocator-size-gi-baking-worker=262144"
    "memorysetup-temp-allocator-size-gfx=262144"
Player connection [16352] Host "[IP] 192.168.1.119 [Port] 0 [Flags] 2 [Guid] 3757883518 [EditorId] 3757883518 [Version] 1048832 [Id] WindowsEditor(7,DESKTOP-NVJDMVE) [Debug] 1 [PackageName] WindowsEditor [ProjectName] Editor" joined multi-casting on [225.0.0.222:54997]...
Player connection [16352] Host "[IP] 192.168.1.119 [Port] 0 [Flags] 2 [Guid] 3757883518 [EditorId] 3757883518 [Version] 1048832 [Id] WindowsEditor(7,DESKTOP-NVJDMVE) [Debug] 1 [PackageName] WindowsEditor [ProjectName] Editor" joined alternative multi-casting on [225.0.0.222:34997]...
JobSystem: Creating JobQueue using job-worker-count value 5
[Physics::Module] Initialized MultithreadedJobDispatcher with 5 workers.
Library Redirect Path: Library/
Refreshing native plugins compatible for Editor in 0.83 ms, found 3 plugins.
Preloading 0 native plugins for Editor in 0.00 ms.
Initialize engine version: 2023.2.19f1 (95c298372b1e)
[Subsystems] Discovering subsystems at path D:/Unity/Editor/2023.2.19f1/Editor/Data/Resources/UnitySubsystems
[Subsystems] Discovering subsystems at path D:/Github/CannibalMini/Assets
GfxDevice: creating device client; kGfxThreadingModeNonThreaded
Direct3D:
    Version:  Direct3D 11.0 [level 11.1]
    Renderer: AMD Radeon (TM) Graphics (ID=0x15e7)
    Vendor:   ATI
    VRAM:     7856 MB
    Driver:   31.0.21912.14
Initialize mono
Mono path[0] = 'D:/Unity/Editor/2023.2.19f1/Editor/Data/Managed'
Mono path[1] = 'D:/Unity/Editor/2023.2.19f1/Editor/Data/MonoBleedingEdge/lib/mono/unityjit-win32'
Mono config path = 'D:/Unity/Editor/2023.2.19f1/Editor/Data/MonoBleedingEdge/etc'
Using monoOptions --debugger-agent=transport=dt_socket,embedding=1,server=y,suspend=n,address=127.0.0.1:56860
Begin MonoManager ReloadAssembly
Registering precompiled unity dll's ...
Register platform support module: D:/Unity/Editor/2023.2.19f1/Editor/Data/PlaybackEngines/WebGLSupport/UnityEditor.WebGL.Extensions.dll
Register platform support module: D:/Unity/Editor/2023.2.19f1/Editor/Data/PlaybackEngines/MacStandaloneSupport/UnityEditor.OSXStandalone.Extensions.dll
Register platform support module: D:/Unity/Editor/2023.2.19f1/Editor/Data/PlaybackEngines/WindowsStandaloneSupport/UnityEditor.WindowsStandalone.Extensions.dll
Register platform support module: D:/Unity/Editor/2023.2.19f1/Editor/Data/PlaybackEngines/AndroidPlayer/UnityEditor.Android.Extensions.dll
Register platform support module: D:/Unity/Editor/2023.2.19f1/Editor/Data/PlaybackEngines/iOSSupport/UnityEditor.iOS.Extensions.dll
Registered in 0.005183 seconds.
- Loaded All Assemblies, in  0.618 seconds
[usbmuxd] Start listen thread
[usbmuxd] Listen thread started
Native extension for iOS target not found
Native extension for Android target not found
Android Extension - Scanning For ADB Devices 213 ms
Native extension for WindowsStandalone target not found
Native extension for OSXStandalone target not found
Native extension for WebGL target not found
Mono: successfully reloaded assembly
- Finished resetting the current domain, in  0.550 seconds
Domain Reload Profiling: 1168ms
	BeginReloadAssembly (244ms)
		ExecutionOrderSort (0ms)
		DisableScriptedObjects (0ms)
		BackupInstance (0ms)
		ReleaseScriptingObjects (0ms)
		CreateAndSetChildDomain (1ms)
	RebuildCommonClasses (69ms)
	RebuildNativeTypeToScriptingClass (15ms)
	initialDomainReloadingComplete (70ms)
	LoadAllAssembliesAndSetupDomain (220ms)
		LoadAssemblies (246ms)
		RebuildTransferFunctionScriptingTraits (0ms)
		AnalyzeDomain (214ms)
			TypeCache.Refresh (213ms)
				TypeCache.ScanAssembly (198ms)
			BuildScriptInfoCaches (0ms)
			ResolveRequiredComponents (0ms)
	FinalizeReload (550ms)
		ReleaseScriptCaches (0ms)
		RebuildScriptCaches (0ms)
		SetupLoadedEditorAssemblies (495ms)
			LogAssemblyErrors (0ms)
			InitializePlatformSupportModulesInManaged (310ms)
			SetLoadedEditorAssemblies (3ms)
			BeforeProcessingInitializeOnLoad (5ms)
			ProcessInitializeOnLoadAttributes (126ms)
			ProcessInitializeOnLoadMethodAttributes (50ms)
			AfterProcessingInitializeOnLoad (0ms)
			EditorAssembliesLoaded (0ms)
		ExecutionOrderSort2 (0ms)
		AwakeInstancesAfterBackupRestoration (0ms)
========================================================================
Worker process is ready to serve import requests
Import Worker Mode flag is 0x00
Begin MonoManager ReloadAssembly
Symbol file LoadedFromMemory doesn't match image D:\Github\CannibalMini\Library\PackageCache\com.unity.visualscripting@1.8.0\Editor\VisualScripting.Core\Dependencies\YamlDotNet\Unity.VisualScripting.YamlDotNet.dll
Symbol file LoadedFromMemory doesn't match image D:\Github\CannibalMini\Library\PackageCache\com.unity.visualscripting@1.8.0\Editor\VisualScripting.Core\Dependencies\DotNetZip\Unity.VisualScripting.IonicZip.dll
- Loaded All Assemblies, in  0.702 seconds
Refreshing native plugins compatible for Editor in 0.42 ms, found 3 plugins.
Native extension for iOS target not found
Native extension for Android target not found
Native extension for WindowsStandalone target not found
Native extension for OSXStandalone target not found
Native extension for WebGL target not found
Mono: successfully reloaded assembly
- Finished resetting the current domain, in  0.553 seconds
Domain Reload Profiling: 1255ms
	BeginReloadAssembly (324ms)
		ExecutionOrderSort (0ms)
		DisableScriptedObjects (5ms)
		BackupInstance (0ms)
		ReleaseScriptingObjects (0ms)
		CreateAndSetChildDomain (31ms)
	RebuildCommonClasses (30ms)
	RebuildNativeTypeToScriptingClass (10ms)
	initialDomainReloadingComplete (30ms)
	LoadAllAssembliesAndSetupDomain (307ms)
		LoadAssemblies (247ms)
		RebuildTransferFunctionScriptingTraits (0ms)
		AnalyzeDomain (147ms)
			TypeCache.Refresh (124ms)
				TypeCache.ScanAssembly (112ms)
			BuildScriptInfoCaches (17ms)
			ResolveRequiredComponents (3ms)
	FinalizeReload (553ms)
		ReleaseScriptCaches (0ms)
		RebuildScriptCaches (0ms)
		SetupLoadedEditorAssemblies (382ms)
			LogAssemblyErrors (0ms)
			InitializePlatformSupportModulesInManaged (19ms)
			SetLoadedEditorAssemblies (4ms)
			BeforeProcessingInitializeOnLoad (31ms)
			ProcessInitializeOnLoadAttributes (308ms)
			ProcessInitializeOnLoadMethodAttributes (19ms)
			AfterProcessingInitializeOnLoad (2ms)
			EditorAssembliesLoaded (0ms)
		ExecutionOrderSort2 (0ms)
		AwakeInstancesAfterBackupRestoration (8ms)
Launched and connected shader compiler UnityShaderCompiler.exe after 0.01 seconds
Refreshing native plugins compatible for Editor in 0.47 ms, found 3 plugins.
Preloading 0 native plugins for Editor in 0.00 ms.
Unloading 11 Unused Serialized files (Serialized files now loaded: 0)
Unloading 3257 unused Assets / (0.9 MB). Loaded Objects now: 3839.
Memory consumption went from 105.3 MB to 104.4 MB.
Total: 5.033600 ms (FindLiveObjects: 0.347900 ms CreateObjectMapping: 0.153300 ms MarkObjects: 3.769500 ms  DeleteObjects: 0.762200 ms)

========================================================================
Received Import Request.
  Time since last request: 96121.849025 seconds.
  path: Assets/Resources/models/explosion pack 1/Explosions/explosion-1-a/preview.gif
  artifactKey: Guid(f97b64bced784c542b4a64710c107f27) Importer(815301076,1909f56bfc062723c751e8b465ee728b)
Start importing Assets/Resources/models/explosion pack 1/Explosions/explosion-1-a/preview.gif using Guid(f97b64bced784c542b4a64710c107f27) Importer(815301076,1909f56bfc062723c751e8b465ee728b) (PreviewImporter) -> (artifact id: '01f803181628fd91d522470390504be9') in 0.0701811 seconds
Number of updated asset objects reloaded before import = 0Number of asset objects unloaded after import = 2

========================================================================
Received Import Request.
  Time since last request: 1.070047 seconds.
  path: Assets/Resources/models/explosion pack 1/Explosions/explosion-1-a/Sprites
  artifactKey: Guid(f85ed41cdeca8f94aaa2b7d4480207ee) Importer(815301076,1909f56bfc062723c751e8b465ee728b)
Start importing Assets/Resources/models/explosion pack 1/Explosions/explosion-1-a/Sprites using Guid(f85ed41cdeca8f94aaa2b7d4480207ee) Importer(815301076,1909f56bfc062723c751e8b465ee728b) (PreviewImporter) -> (artifact id: '4d46a79462b3e5c7592ec818144fb56f') in 0.0005437 seconds
Number of updated asset objects reloaded before import = 0Number of asset objects unloaded after import = 0

========================================================================
Received Import Request.
  Time since last request: 0.066561 seconds.
  path: Assets/Resources/models/explosion pack 1/Explosions/explosion-1-a/Sprites/explosion-1.png
  artifactKey: Guid(117633d1675eeac449cd4755797c79d3) Importer(815301076,1909f56bfc062723c751e8b465ee728b)
Start importing Assets/Resources/models/explosion pack 1/Explosions/explosion-1-a/Sprites/explosion-1.png using Guid(117633d1675eeac449cd4755797c79d3) Importer(815301076,1909f56bfc062723c751e8b465ee728b) (PreviewImporter) -> (artifact id: '4cbad9feea3c044d9af4e63f0891d676') in 0.015012 seconds
Number of updated asset objects reloaded before import = 0Number of asset objects unloaded after import = 2

========================================================================
Received Import Request.
  Time since last request: 0.000027 seconds.
  path: Assets/Resources/models/explosion pack 1/Explosions/explosion-1-a/Sprites/explosion-7.png
  artifactKey: Guid(4195e93054f39e14d876e2bed6648183) Importer(815301076,1909f56bfc062723c751e8b465ee728b)
Start importing Assets/Resources/models/explosion pack 1/Explosions/explosion-1-a/Sprites/explosion-7.png using Guid(4195e93054f39e14d876e2bed6648183) Importer(815301076,1909f56bfc062723c751e8b465ee728b) (PreviewImporter) -> (artifact id: '96578a21bd254197972503ce43c1acc3') in 0.0112633 seconds
Number of updated asset objects reloaded before import = 0Number of asset objects unloaded after import = 2

========================================================================
Received Import Request.
  Time since last request: 0.000035 seconds.
  path: Assets/Resources/models/explosion pack 1/Explosions/explosion-1-a/Sprites/explosion-5.png
  artifactKey: Guid(95c11309c51949b47a70127379ea9119) Importer(815301076,1909f56bfc062723c751e8b465ee728b)
Start importing Assets/Resources/models/explosion pack 1/Explosions/explosion-1-a/Sprites/explosion-5.png using Guid(95c11309c51949b47a70127379ea9119) Importer(815301076,1909f56bfc062723c751e8b465ee728b) (PreviewImporter) -> (artifact id: '735ded2686427ed74e78a8788694935a') in 0.0133087 seconds
Number of updated asset objects reloaded before import = 0Number of asset objects unloaded after import = 2

========================================================================
Received Import Request.
  Time since last request: 1.789026 seconds.
  path: Assets/Resources/models/explosion pack 1/Explosions/explosion-1-b/Preview.gif
  artifactKey: Guid(ad52347ad4f7860448b678d2dff35167) Importer(815301076,1909f56bfc062723c751e8b465ee728b)
Start importing Assets/Resources/models/explosion pack 1/Explosions/explosion-1-b/Preview.gif using Guid(ad52347ad4f7860448b678d2dff35167) Importer(815301076,1909f56bfc062723c751e8b465ee728b) (PreviewImporter) -> (artifact id: 'faeb4b04e667c7dc5ec95562674e47fc') in 0.0132915 seconds
Number of updated asset objects reloaded before import = 0Number of asset objects unloaded after import = 2

========================================================================
Received Import Request.
  Time since last request: 0.630311 seconds.
  path: Assets/Resources/models/explosion pack 1/Explosions/explosion-1-b/Sprites
  artifactKey: Guid(cb4b214998670a24ea5e7e94e1d88fba) Importer(815301076,1909f56bfc062723c751e8b465ee728b)
Start importing Assets/Resources/models/explosion pack 1/Explosions/explosion-1-b/Sprites using Guid(cb4b214998670a24ea5e7e94e1d88fba) Importer(815301076,1909f56bfc062723c751e8b465ee728b) (PreviewImporter) -> (artifact id: '8f0752255dc6d7a75f18282d42f76f6b') in 0.0007519 seconds
Number of updated asset objects reloaded before import = 0Number of asset objects unloaded after import = 0

========================================================================
Received Import Request.
  Time since last request: 0.084514 seconds.
  path: Assets/Resources/models/explosion pack 1/Explosions/explosion-1-b/Sprites/explosion-1-b-1.png
  artifactKey: Guid(18ffcfe8d7991d941b2d6a3c2047171f) Importer(815301076,1909f56bfc062723c751e8b465ee728b)
Start importing Assets/Resources/models/explosion pack 1/Explosions/explosion-1-b/Sprites/explosion-1-b-1.png using Guid(18ffcfe8d7991d941b2d6a3c2047171f) Importer(815301076,1909f56bfc062723c751e8b465ee728b) (PreviewImporter) -> (artifact id: '2f23739b6b161d2b7fc5deac7d91ed8e') in 0.0141018 seconds
Number of updated asset objects reloaded before import = 0Number of asset objects unloaded after import = 2

========================================================================
Received Import Request.
  Time since last request: 0.000025 seconds.
  path: Assets/Resources/models/explosion pack 1/Explosions/explosion-1-b/Sprites/explosion-1-b-6.png
  artifactKey: Guid(16ead2e551cb2f44ebdb95d5f7b49646) Importer(815301076,1909f56bfc062723c751e8b465ee728b)
Start importing Assets/Resources/models/explosion pack 1/Explosions/explosion-1-b/Sprites/explosion-1-b-6.png using Guid(16ead2e551cb2f44ebdb95d5f7b49646) Importer(815301076,1909f56bfc062723c751e8b465ee728b) (PreviewImporter) -> (artifact id: '8652768d3d7e13ec1c444cfbbc12ce27') in 0.0117919 seconds
Number of updated asset objects reloaded before import = 0Number of asset objects unloaded after import = 2

========================================================================
Received Import Request.
  Time since last request: 0.000023 seconds.
  path: Assets/Resources/models/explosion pack 1/Explosions/explosion-1-b/Sprites/explosion-1-b-7.png
  artifactKey: Guid(b4659f1f8669e104881268251b9e7b0d) Importer(815301076,1909f56bfc062723c751e8b465ee728b)
Start importing Assets/Resources/models/explosion pack 1/Explosions/explosion-1-b/Sprites/explosion-1-b-7.png using Guid(b4659f1f8669e104881268251b9e7b0d) Importer(815301076,1909f56bfc062723c751e8b465ee728b) (PreviewImporter) -> (artifact id: '7138d50ee616cf6ab0235058f12e99ce') in 0.012932 seconds
Number of updated asset objects reloaded before import = 0Number of asset objects unloaded after import = 2

========================================================================
Received Import Request.
  Time since last request: 6.507739 seconds.
  path: Assets/Resources/models/explosion pack 1/Explosions/explosion-1-b/Sprites/explosion-1-b-7.png
  artifactKey: Guid(b4659f1f8669e104881268251b9e7b0d) Importer(815301076,1909f56bfc062723c751e8b465ee728b)
Start importing Assets/Resources/models/explosion pack 1/Explosions/explosion-1-b/Sprites/explosion-1-b-7.png using Guid(b4659f1f8669e104881268251b9e7b0d) Importer(815301076,1909f56bfc062723c751e8b465ee728b) (PreviewImporter) -> (artifact id: '0d8c84805ab5b5667222547a02dadaa1') in 0.031767 seconds
Number of updated asset objects reloaded before import = 0Number of asset objects unloaded after import = 3

========================================================================
Received Import Request.
  Time since last request: 0.000033 seconds.
  path: Assets/Resources/models/explosion pack 1/Explosions/explosion-1-b/Sprites/explosion-1-b-6.png
  artifactKey: Guid(16ead2e551cb2f44ebdb95d5f7b49646) Importer(815301076,1909f56bfc062723c751e8b465ee728b)
Start importing Assets/Resources/models/explosion pack 1/Explosions/explosion-1-b/Sprites/explosion-1-b-6.png using Guid(16ead2e551cb2f44ebdb95d5f7b49646) Importer(815301076,1909f56bfc062723c751e8b465ee728b) (PreviewImporter) -> (artifact id: '6f90103cca14d385555ef18dc631065d') in 0.0136101 seconds
Number of updated asset objects reloaded before import = 0Number of asset objects unloaded after import = 3

========================================================================
Received Import Request.
  Time since last request: 0.000020 seconds.
  path: Assets/Resources/models/explosion pack 1/Explosions/explosion-1-b/Sprites/explosion-1-b-5.png
  artifactKey: Guid(d75a8473a5cf0cc47893a228fb461e16) Importer(815301076,1909f56bfc062723c751e8b465ee728b)
Start importing Assets/Resources/models/explosion pack 1/Explosions/explosion-1-b/Sprites/explosion-1-b-5.png using Guid(d75a8473a5cf0cc47893a228fb461e16) Importer(815301076,1909f56bfc062723c751e8b465ee728b) (PreviewImporter) -> (artifact id: '13a30006dec161aaaa361fe6fcb09fc2') in 0.0189911 seconds
Number of updated asset objects reloaded before import = 0Number of asset objects unloaded after import = 3

========================================================================
Received Import Request.
  Time since last request: 0.000174 seconds.
  path: Assets/Resources/models/explosion pack 1/Explosions/explosion-1-b/Sprites/explosion-1-b-8.png
  artifactKey: Guid(91f2d01b8ca0e0647a0270dfefcd3765) Importer(815301076,1909f56bfc062723c751e8b465ee728b)
Start importing Assets/Resources/models/explosion pack 1/Explosions/explosion-1-b/Sprites/explosion-1-b-8.png using Guid(91f2d01b8ca0e0647a0270dfefcd3765) Importer(815301076,1909f56bfc062723c751e8b465ee728b) (PreviewImporter) -> (artifact id: 'd6462aeffae7aec059180c379db63567') in 0.0189427 seconds
Number of updated asset objects reloaded before import = 0Number of asset objects unloaded after import = 3

========================================================================
Received Prepare
Begin MonoManager ReloadAssembly
Symbol file LoadedFromMemory doesn't match image D:\Github\CannibalMini\Library\PackageCache\com.unity.visualscripting@1.8.0\Editor\VisualScripting.Core\Dependencies\YamlDotNet\Unity.VisualScripting.YamlDotNet.dll
Symbol file LoadedFromMemory doesn't match image D:\Github\CannibalMini\Library\PackageCache\com.unity.visualscripting@1.8.0\Editor\VisualScripting.Core\Dependencies\DotNetZip\Unity.VisualScripting.IonicZip.dll
- Loaded All Assemblies, in  0.717 seconds
Refreshing native plugins compatible for Editor in 0.43 ms, found 3 plugins.
Native extension for iOS target not found
Native extension for Android target not found
Native extension for WindowsStandalone target not found
Native extension for OSXStandalone target not found
Native extension for WebGL target not found
Mono: successfully reloaded assembly
- Finished resetting the current domain, in  0.662 seconds
Domain Reload Profiling: 1380ms
	BeginReloadAssembly (206ms)
		ExecutionOrderSort (0ms)
		DisableScriptedObjects (6ms)
		BackupInstance (0ms)
		ReleaseScriptingObjects (0ms)
		CreateAndSetChildDomain (52ms)
	RebuildCommonClasses (40ms)
	RebuildNativeTypeToScriptingClass (15ms)
	initialDomainReloadingComplete (27ms)
	LoadAllAssembliesAndSetupDomain (430ms)
		LoadAssemblies (401ms)
		RebuildTransferFunctionScriptingTraits (0ms)
		AnalyzeDomain (142ms)
			TypeCache.Refresh (6ms)
				TypeCache.ScanAssembly (0ms)
			BuildScriptInfoCaches (129ms)
			ResolveRequiredComponents (3ms)
	FinalizeReload (662ms)
		ReleaseScriptCaches (0ms)
		RebuildScriptCaches (0ms)
		SetupLoadedEditorAssemblies (461ms)
			LogAssemblyErrors (0ms)
			InitializePlatformSupportModulesInManaged (23ms)
			SetLoadedEditorAssemblies (5ms)
			BeforeProcessingInitializeOnLoad (49ms)
			ProcessInitializeOnLoadAttributes (362ms)
			ProcessInitializeOnLoadMethodAttributes (20ms)
			AfterProcessingInitializeOnLoad (2ms)
			EditorAssembliesLoaded (0ms)
		ExecutionOrderSort2 (0ms)
		AwakeInstancesAfterBackupRestoration (10ms)
Refreshing native plugins compatible for Editor in 0.51 ms, found 3 plugins.
Preloading 0 native plugins for Editor in 0.00 ms.
Unloading 0 Unused Serialized files (Serialized files now loaded: 0)
Unloading 3255 unused Assets / (0.8 MB). Loaded Objects now: 3847.
Memory consumption went from 105.3 MB to 104.5 MB.
Total: 7.620200 ms (FindLiveObjects: 0.409600 ms CreateObjectMapping: 0.214600 ms MarkObjects: 5.845300 ms  DeleteObjects: 1.149400 ms)

Prepare: number of updated asset objects reloaded= 0
Editor requested this worker to shutdown with reason: Scaling down because of idle timeout
AssetImportWorker is now disconnected from the server
Process exiting
Exiting without the bug reporter. Application will terminate with return code 0